#-----------------------------------------------------------
# Webtalk v2019.1 (64-bit)
# SW Build 2552052 on Fri May 24 14:47:09 MDT 2019
# 
# Start of session at: Fri Oct 21 16:27:59 2022
# Process ID: 253735
# Current directory: /home/rvinals/Proyectos/h2107/Firmware/H2107-LCA/PL3187/PL3187/PL3187.sdk/webtalk
# Command line: wbtcv -mode batch -source sdk_webtalk.tcl
# Log file: /home/rvinals/Proyectos/h2107/Firmware/H2107-LCA/PL3187/PL3187/PL3187.sdk/webtalk/webtalk.log
# Journal file: /home/rvinals/Proyectos/h2107/Firmware/H2107-LCA/PL3187/PL3187/PL3187.sdk/webtalk/webtalk.jou
#-----------------------------------------------------------
source sdk_webtalk.tcl
# webtalk_init -webtalk_dir /home/rvinals/Proyectos/h2107/Firmware/H2107-LCA/PL3187/PL3187/PL3187.sdk/webtalk
# webtalk_register_client -client project
# webtalk_add_data -client project -key date_generated -value "2022-10-21 16:27:58" -context "software_version_and_target_device"
# webtalk_add_data -client project -key product_version -value "SDK v2019.1" -context "software_version_and_target_device"
# webtalk_add_data -client project -key build_version -value "2019.1" -context "software_version_and_target_device"
# webtalk_add_data -client project -key os_platform -value "amd64" -context "software_version_and_target_device"
# webtalk_add_data -client project -key registration_id -value "" -context "software_version_and_target_device"
# webtalk_add_data -client project -key tool_flow -value "SDK" -context "software_version_and_target_device"
# webtalk_add_data -client project -key beta -value "false" -context "software_version_and_target_device"
# webtalk_add_data -client project -key route_design -value "NA" -context "software_version_and_target_device"
# webtalk_add_data -client project -key target_family -value "NA" -context "software_version_and_target_device"
# webtalk_add_data -client project -key target_device -value "NA" -context "software_version_and_target_device"
# webtalk_add_data -client project -key target_package -value "NA" -context "software_version_and_target_device"
# webtalk_add_data -client project -key target_speed -value "NA" -context "software_version_and_target_device"
# webtalk_add_data -client project -key random_id -value "kdrjaue694tpbv9k4oa2v4tm1o" -context "software_version_and_target_device"
# webtalk_add_data -client project -key project_id -value "2019.1_22" -context "software_version_and_target_device"
# webtalk_add_data -client project -key project_iteration -value "22" -context "software_version_and_target_device"
# webtalk_add_data -client project -key os_name -value "Ubuntu" -context "user_environment"
# webtalk_add_data -client project -key os_release -value "Ubuntu 20.04.3 LTS" -context "user_environment"
# webtalk_add_data -client project -key cpu_name -value "Intel(R) Core(TM) i7-10750H CPU @ 2.60GHz" -context "user_environment"
# webtalk_add_data -client project -key cpu_speed -value "3599.866 MHz" -context "user_environment"
# webtalk_add_data -client project -key total_processors -value "1" -context "user_environment"
# webtalk_add_data -client project -key system_ram -value "33.285 GB" -context "user_environment"
# webtalk_register_client -client sdk
# webtalk_add_data -client sdk -key uid -value "1666347658000" -context "sdk\\\\hardware/1666347658000"
# webtalk_add_data -client sdk -key isZynq -value "true" -context "sdk\\\\hardware/1666347658000"
# webtalk_add_data -client sdk -key isZynqMP -value "false" -context "sdk\\\\hardware/1666347658000"
# webtalk_add_data -client sdk -key Processors -value "2" -context "sdk\\\\hardware/1666347658000"
# webtalk_add_data -client sdk -key VivadoVersion -value "2019.1" -context "sdk\\\\hardware/1666347658000"
# webtalk_add_data -client sdk -key Arch -value "zynq" -context "sdk\\\\hardware/1666347658000"
# webtalk_add_data -client sdk -key Device -value "7z010" -context "sdk\\\\hardware/1666347658000"
# webtalk_add_data -client sdk -key IsHandoff -value "true" -context "sdk\\\\hardware/1666347658000"
# webtalk_add_data -client sdk -key os -value "NA" -context "sdk\\\\hardware/1666347658000"
# webtalk_add_data -client sdk -key apptemplate -value "NA" -context "sdk\\\\hardware/1666347658000"
# webtalk_add_data -client sdk -key RecordType -value "HWCreation" -context "sdk\\\\hardware/1666347658000"
# webtalk_add_data -client sdk -key uid -value "1666348933000" -context "sdk\\\\bsp/1666348933000"
# webtalk_add_data -client sdk -key hwid -value "1666347658000" -context "sdk\\\\bsp/1666348933000"
# webtalk_add_data -client sdk -key os -value "standalone" -context "sdk\\\\bsp/1666348933000"
# webtalk_add_data -client sdk -key apptemplate -value "zynq_fsbl" -context "sdk\\\\bsp/1666348933000"
# webtalk_add_data -client sdk -key RecordType -value "BSPCreation" -context "sdk\\\\bsp/1666348933000"
# webtalk_add_data -client sdk -key uid -value "1666348942000" -context "sdk\\\\application/1666348942000"
# webtalk_add_data -client sdk -key hwid -value "1666347658000" -context "sdk\\\\application/1666348942000"
# webtalk_add_data -client sdk -key bspid -value "1666348933000" -context "sdk\\\\application/1666348942000"
# webtalk_add_data -client sdk -key newbsp -value "true" -context "sdk\\\\application/1666348942000"
# webtalk_add_data -client sdk -key os -value "standalone" -context "sdk\\\\application/1666348942000"
# webtalk_add_data -client sdk -key apptemplate -value "zynq_fsbl" -context "sdk\\\\application/1666348942000"
# webtalk_add_data -client sdk -key RecordType -value "APPCreation" -context "sdk\\\\application/1666348942000"
# webtalk_add_data -client sdk -key LangUsed -value "C" -context "sdk\\\\application/1666348942000"
# webtalk_add_data -client sdk -key Procused -value "ps7_cortexa9" -context "sdk\\\\application/1666348942000"
# webtalk_add_data -client sdk -key projSize -value "744.0546875" -context "sdk\\\\application/1666348942000"
# webtalk_add_data -client sdk -key uid -value "NA" -context "sdk\\\\bsp/1666362478610"
# webtalk_add_data -client sdk -key RecordType -value "ToolUsage" -context "sdk\\\\bsp/1666362478610"
# webtalk_add_data -client sdk -key BootgenCount -value "2" -context "sdk\\\\bsp/1666362478610"
# webtalk_add_data -client sdk -key DebugCount -value "0" -context "sdk\\\\bsp/1666362478610"
# webtalk_add_data -client sdk -key PerfCount -value "0" -context "sdk\\\\bsp/1666362478610"
# webtalk_add_data -client sdk -key FlashCount -value "0" -context "sdk\\\\bsp/1666362478610"
# webtalk_add_data -client sdk -key CrossTriggCount -value "0" -context "sdk\\\\bsp/1666362478610"
# webtalk_add_data -client sdk -key QemuDebugCount -value "0" -context "sdk\\\\bsp/1666362478610"
# webtalk_transmit -clientid 3426515465 -regid "" -xml /home/rvinals/Proyectos/h2107/Firmware/H2107-LCA/PL3187/PL3187/PL3187.sdk/webtalk/usage_statistics_ext_sdk.xml -html /home/rvinals/Proyectos/h2107/Firmware/H2107-LCA/PL3187/PL3187/PL3187.sdk/webtalk/usage_statistics_ext_sdk.html -wdm /home/rvinals/Proyectos/h2107/Firmware/H2107-LCA/PL3187/PL3187/PL3187.sdk/webtalk/sdk_webtalk.wdm -intro "<H3>SDK Usage Report</H3><BR>"
# webtalk_terminate
INFO: [Common 17-206] Exiting Webtalk at Fri Oct 21 16:27:59 2022...
