#-----------------------------------------------------------
# Webtalk v2019.1 (64-bit)
# SW Build 2552052 on Fri May 24 14:47:09 MDT 2019
# 
# Start of session at: Mon Apr 15 18:19:59 2024
# Process ID: 78875
# Current directory: /home/rvinals/Proyectos/h2210/Firmware/H2210-CSR/PL3226/PL3226/PL3226.sdk/webtalk
# Command line: wbtcv -mode batch -source sdk_webtalk.tcl
# Log file: /home/rvinals/Proyectos/h2210/Firmware/H2210-CSR/PL3226/PL3226/PL3226.sdk/webtalk/webtalk.log
# Journal file: /home/rvinals/Proyectos/h2210/Firmware/H2210-CSR/PL3226/PL3226/PL3226.sdk/webtalk/webtalk.jou
#-----------------------------------------------------------
source sdk_webtalk.tcl
# webtalk_init -webtalk_dir /home/rvinals/Proyectos/h2210/Firmware/H2210-CSR/PL3226/PL3226/PL3226.sdk/webtalk
# webtalk_register_client -client project
# webtalk_add_data -client project -key date_generated -value "2024-04-15 18:19:58" -context "software_version_and_target_device"
# webtalk_add_data -client project -key product_version -value "SDK v2019.1" -context "software_version_and_target_device"
# webtalk_add_data -client project -key build_version -value "2019.1" -context "software_version_and_target_device"
# webtalk_add_data -client project -key os_platform -value "amd64" -context "software_version_and_target_device"
# webtalk_add_data -client project -key registration_id -value "" -context "software_version_and_target_device"
# webtalk_add_data -client project -key tool_flow -value "SDK" -context "software_version_and_target_device"
# webtalk_add_data -client project -key beta -value "false" -context "software_version_and_target_device"
# webtalk_add_data -client project -key route_design -value "NA" -context "software_version_and_target_device"
# webtalk_add_data -client project -key target_family -value "NA" -context "software_version_and_target_device"
# webtalk_add_data -client project -key target_device -value "NA" -context "software_version_and_target_device"
# webtalk_add_data -client project -key target_package -value "NA" -context "software_version_and_target_device"
# webtalk_add_data -client project -key target_speed -value "NA" -context "software_version_and_target_device"
# webtalk_add_data -client project -key random_id -value "5gvlla1eneo5m38vgaace7k5io" -context "software_version_and_target_device"
# webtalk_add_data -client project -key project_id -value "2019.1_94" -context "software_version_and_target_device"
# webtalk_add_data -client project -key project_iteration -value "94" -context "software_version_and_target_device"
# webtalk_add_data -client project -key os_name -value "Ubuntu" -context "user_environment"
# webtalk_add_data -client project -key os_release -value "Ubuntu 20.04.5 LTS" -context "user_environment"
# webtalk_add_data -client project -key cpu_name -value "Intel(R) Core(TM) i7-10750H CPU @ 2.60GHz" -context "user_environment"
# webtalk_add_data -client project -key cpu_speed -value "3480.739 MHz" -context "user_environment"
# webtalk_add_data -client project -key total_processors -value "1" -context "user_environment"
# webtalk_add_data -client project -key system_ram -value "33.272 GB" -context "user_environment"
# webtalk_register_client -client sdk
# webtalk_add_data -client sdk -key uid -value "1713197885000" -context "sdk\\\\hardware/1713197885000"
# webtalk_add_data -client sdk -key isZynq -value "true" -context "sdk\\\\hardware/1713197885000"
# webtalk_add_data -client sdk -key isZynqMP -value "false" -context "sdk\\\\hardware/1713197885000"
# webtalk_add_data -client sdk -key Processors -value "2" -context "sdk\\\\hardware/1713197885000"
# webtalk_add_data -client sdk -key VivadoVersion -value "2019.1" -context "sdk\\\\hardware/1713197885000"
# webtalk_add_data -client sdk -key Arch -value "zynq" -context "sdk\\\\hardware/1713197885000"
# webtalk_add_data -client sdk -key Device -value "7z010" -context "sdk\\\\hardware/1713197885000"
# webtalk_add_data -client sdk -key IsHandoff -value "true" -context "sdk\\\\hardware/1713197885000"
# webtalk_add_data -client sdk -key os -value "NA" -context "sdk\\\\hardware/1713197885000"
# webtalk_add_data -client sdk -key apptemplate -value "NA" -context "sdk\\\\hardware/1713197885000"
# webtalk_add_data -client sdk -key RecordType -value "HWCreation" -context "sdk\\\\hardware/1713197885000"
# webtalk_add_data -client sdk -key uid -value "NA" -context "sdk\\\\bsp/1713197998650"
# webtalk_add_data -client sdk -key RecordType -value "ToolUsage" -context "sdk\\\\bsp/1713197998650"
# webtalk_add_data -client sdk -key BootgenCount -value "0" -context "sdk\\\\bsp/1713197998650"
# webtalk_add_data -client sdk -key DebugCount -value "0" -context "sdk\\\\bsp/1713197998650"
# webtalk_add_data -client sdk -key PerfCount -value "0" -context "sdk\\\\bsp/1713197998650"
# webtalk_add_data -client sdk -key FlashCount -value "0" -context "sdk\\\\bsp/1713197998650"
# webtalk_add_data -client sdk -key CrossTriggCount -value "0" -context "sdk\\\\bsp/1713197998650"
# webtalk_add_data -client sdk -key QemuDebugCount -value "0" -context "sdk\\\\bsp/1713197998650"
# webtalk_transmit -clientid 3661561833 -regid "" -xml /home/rvinals/Proyectos/h2210/Firmware/H2210-CSR/PL3226/PL3226/PL3226.sdk/webtalk/usage_statistics_ext_sdk.xml -html /home/rvinals/Proyectos/h2210/Firmware/H2210-CSR/PL3226/PL3226/PL3226.sdk/webtalk/usage_statistics_ext_sdk.html -wdm /home/rvinals/Proyectos/h2210/Firmware/H2210-CSR/PL3226/PL3226/PL3226.sdk/webtalk/sdk_webtalk.wdm -intro "<H3>SDK Usage Report</H3><BR>"
# webtalk_terminate
INFO: [Common 17-206] Exiting Webtalk at Mon Apr 15 18:19:59 2024...
