#-----------------------------------------------------------
# Webtalk v2019.1 (64-bit)
# SW Build 2552052 on Fri May 24 14:47:09 MDT 2019
# 
# Start of session at: Thu May 23 09:00:04 2024
# Process ID: 1242588
# Current directory: /mnt/sda1/home/mortega/Proyectos/H2108/Firmware/H2108-CSM/PL3232/PL3232/PL3232.sdk/webtalk
# Command line: wbtcv -mode batch -source sdk_webtalk.tcl
# Log file: /mnt/sda1/home/mortega/Proyectos/H2108/Firmware/H2108-CSM/PL3232/PL3232/PL3232.sdk/webtalk/webtalk.log
# Journal file: /mnt/sda1/home/mortega/Proyectos/H2108/Firmware/H2108-CSM/PL3232/PL3232/PL3232.sdk/webtalk/webtalk.jou
#-----------------------------------------------------------
source sdk_webtalk.tcl
# webtalk_init -webtalk_dir /mnt/sda1/home/mortega/Proyectos/H2108/Firmware/H2108-CSM/PL3232/PL3232/PL3232.sdk/webtalk
# webtalk_register_client -client project
# webtalk_add_data -client project -key date_generated -value "2024-05-23 09:00:02" -context "software_version_and_target_device"
# webtalk_add_data -client project -key product_version -value "SDK v2019.1" -context "software_version_and_target_device"
# webtalk_add_data -client project -key build_version -value "2019.1" -context "software_version_and_target_device"
# webtalk_add_data -client project -key os_platform -value "amd64" -context "software_version_and_target_device"
# webtalk_add_data -client project -key registration_id -value "" -context "software_version_and_target_device"
# webtalk_add_data -client project -key tool_flow -value "SDK" -context "software_version_and_target_device"
# webtalk_add_data -client project -key beta -value "false" -context "software_version_and_target_device"
# webtalk_add_data -client project -key route_design -value "NA" -context "software_version_and_target_device"
# webtalk_add_data -client project -key target_family -value "NA" -context "software_version_and_target_device"
# webtalk_add_data -client project -key target_device -value "NA" -context "software_version_and_target_device"
# webtalk_add_data -client project -key target_package -value "NA" -context "software_version_and_target_device"
# webtalk_add_data -client project -key target_speed -value "NA" -context "software_version_and_target_device"
# webtalk_add_data -client project -key random_id -value "bdrvivrfeik8u7t73p5bs9rh9n" -context "software_version_and_target_device"
# webtalk_add_data -client project -key project_id -value "2019.1_39" -context "software_version_and_target_device"
# webtalk_add_data -client project -key project_iteration -value "39" -context "software_version_and_target_device"
# webtalk_add_data -client project -key os_name -value "Ubuntu" -context "user_environment"
# webtalk_add_data -client project -key os_release -value "Ubuntu 20.04.6 LTS" -context "user_environment"
# webtalk_add_data -client project -key cpu_name -value "Intel(R) Core(TM) i7-4910MQ CPU @ 2.90GHz" -context "user_environment"
# webtalk_add_data -client project -key cpu_speed -value "800.000 MHz" -context "user_environment"
# webtalk_add_data -client project -key total_processors -value "1" -context "user_environment"
# webtalk_add_data -client project -key system_ram -value "33.588 GB" -context "user_environment"
# webtalk_register_client -client sdk
# webtalk_add_data -client sdk -key uid -value "1716367088000" -context "sdk\\\\hardware/1716367088000"
# webtalk_add_data -client sdk -key isZynq -value "true" -context "sdk\\\\hardware/1716367088000"
# webtalk_add_data -client sdk -key isZynqMP -value "false" -context "sdk\\\\hardware/1716367088000"
# webtalk_add_data -client sdk -key Processors -value "2" -context "sdk\\\\hardware/1716367088000"
# webtalk_add_data -client sdk -key VivadoVersion -value "2019.1" -context "sdk\\\\hardware/1716367088000"
# webtalk_add_data -client sdk -key Arch -value "zynq" -context "sdk\\\\hardware/1716367088000"
# webtalk_add_data -client sdk -key Device -value "7z010" -context "sdk\\\\hardware/1716367088000"
# webtalk_add_data -client sdk -key IsHandoff -value "true" -context "sdk\\\\hardware/1716367088000"
# webtalk_add_data -client sdk -key os -value "NA" -context "sdk\\\\hardware/1716367088000"
# webtalk_add_data -client sdk -key apptemplate -value "NA" -context "sdk\\\\hardware/1716367088000"
# webtalk_add_data -client sdk -key RecordType -value "HWCreation" -context "sdk\\\\hardware/1716367088000"
# webtalk_add_data -client sdk -key uid -value "1716368257000" -context "sdk\\\\bsp/1716368257000"
# webtalk_add_data -client sdk -key hwid -value "1716367088000" -context "sdk\\\\bsp/1716368257000"
# webtalk_add_data -client sdk -key os -value "standalone" -context "sdk\\\\bsp/1716368257000"
# webtalk_add_data -client sdk -key apptemplate -value "zynq_fsbl" -context "sdk\\\\bsp/1716368257000"
# webtalk_add_data -client sdk -key RecordType -value "BSPCreation" -context "sdk\\\\bsp/1716368257000"
# webtalk_add_data -client sdk -key uid -value "1716368265000" -context "sdk\\\\application/1716368265000"
# webtalk_add_data -client sdk -key hwid -value "1716367088000" -context "sdk\\\\application/1716368265000"
# webtalk_add_data -client sdk -key bspid -value "1716368257000" -context "sdk\\\\application/1716368265000"
# webtalk_add_data -client sdk -key newbsp -value "true" -context "sdk\\\\application/1716368265000"
# webtalk_add_data -client sdk -key os -value "standalone" -context "sdk\\\\application/1716368265000"
# webtalk_add_data -client sdk -key apptemplate -value "zynq_fsbl" -context "sdk\\\\application/1716368265000"
# webtalk_add_data -client sdk -key RecordType -value "APPCreation" -context "sdk\\\\application/1716368265000"
# webtalk_add_data -client sdk -key LangUsed -value "C" -context "sdk\\\\application/1716368265000"
# webtalk_add_data -client sdk -key Procused -value "ps7_cortexa9" -context "sdk\\\\application/1716368265000"
# webtalk_add_data -client sdk -key projSize -value "745.0546875" -context "sdk\\\\application/1716368265000"
# webtalk_add_data -client sdk -key uid -value "NA" -context "sdk\\\\bsp/1716447602781"
# webtalk_add_data -client sdk -key RecordType -value "ToolUsage" -context "sdk\\\\bsp/1716447602781"
# webtalk_add_data -client sdk -key BootgenCount -value "4" -context "sdk\\\\bsp/1716447602781"
# webtalk_add_data -client sdk -key DebugCount -value "0" -context "sdk\\\\bsp/1716447602781"
# webtalk_add_data -client sdk -key PerfCount -value "0" -context "sdk\\\\bsp/1716447602781"
# webtalk_add_data -client sdk -key FlashCount -value "0" -context "sdk\\\\bsp/1716447602781"
# webtalk_add_data -client sdk -key CrossTriggCount -value "0" -context "sdk\\\\bsp/1716447602781"
# webtalk_add_data -client sdk -key QemuDebugCount -value "0" -context "sdk\\\\bsp/1716447602781"
# webtalk_transmit -clientid 1487244663 -regid "" -xml /mnt/sda1/home/mortega/Proyectos/H2108/Firmware/H2108-CSM/PL3232/PL3232/PL3232.sdk/webtalk/usage_statistics_ext_sdk.xml -html /mnt/sda1/home/mortega/Proyectos/H2108/Firmware/H2108-CSM/PL3232/PL3232/PL3232.sdk/webtalk/usage_statistics_ext_sdk.html -wdm /mnt/sda1/home/mortega/Proyectos/H2108/Firmware/H2108-CSM/PL3232/PL3232/PL3232.sdk/webtalk/sdk_webtalk.wdm -intro "<H3>SDK Usage Report</H3><BR>"
# webtalk_terminate
INFO: [Common 17-206] Exiting Webtalk at Thu May 23 09:00:04 2024...
